<?xml version="1.0" encoding="UTF-8"?>
<!-- Generated by org.testng.reporters.JUnitReportReporter -->
<testsuite hostname="vinod" failures="0" tests="1" name="testScrpt.BorrowTestCase" time="7.239" errors="0" timestamp="2022-10-26T10:36:30 IST" skipped="0">
  <testcase classname="testScrpt.BorrowTestCase" name="TC001" time="7.239"/>
  <system-out/>
</testsuite> <!-- testScrpt.BorrowTestCase -->
