<?xml version="1.0" encoding="UTF-8"?>
<!-- Generated by org.testng.reporters.JUnitReportReporter -->
<testsuite hostname="vinod" failures="0" tests="1" name="testScrpt.BaseTest" time="0.755" errors="0" timestamp="2022-10-20T19:19:25 IST" skipped="0">
  <testcase classname="testScrpt.BaseTest" name="name" time="0.755"/>
  <system-out/>
</testsuite> <!-- testScrpt.BaseTest -->
