<?xml version="1.0" encoding="UTF-8"?>
<!-- Generated by org.testng.reporters.JUnitReportReporter -->
<testsuite hostname="vinod" failures="0" tests="1" name="testScrpt.AutomationPracticeTest" time="131.606" errors="0" timestamp="2022-10-26T10:30:58 IST" skipped="0">
  <testcase classname="testScrpt.AutomationPracticeTest" name="Assignment2" time="131.606"/>
  <system-out/>
</testsuite> <!-- testScrpt.AutomationPracticeTest -->
